{"level":"info","message":"Request received: GET /","timestamp":"2024-04-27T04:52:49.661Z"}
{"level":"info","message":"Request received: GET /favicon.ico","timestamp":"2024-04-27T04:52:49.915Z"}
{"level":"info","message":"Request received: GET /","timestamp":"2024-05-05T09:02:01.240Z"}
{"level":"info","message":"Request received: GET /","timestamp":"2024-05-05T09:03:46.312Z"}
{"level":"info","message":"Request received: GET /api/products","timestamp":"2024-05-05T09:03:52.658Z"}
{"level":"info","message":"Request received: GET /favicon.ico","timestamp":"2024-05-05T09:03:52.756Z"}
{"level":"info","message":"Request received: POST /upload/image","timestamp":"2024-05-05T17:05:12.145Z"}
{"level":"error","message":"Server error: Unexpected field","timestamp":"2024-05-05T17:05:12.152Z"}
{"level":"info","message":"Request received: POST /upload/image","timestamp":"2024-05-05T17:09:06.375Z"}
{"level":"error","message":"Server error: Unexpected field","timestamp":"2024-05-05T17:09:06.382Z"}
{"level":"info","message":"Request received: POST /upload/image","timestamp":"2024-05-05T17:10:30.999Z"}
{"level":"error","message":"Server error: Unexpected field","timestamp":"2024-05-05T17:10:31.005Z"}
{"level":"info","message":"Request received: POST /upload/image","timestamp":"2024-05-05T17:12:23.731Z"}
{"level":"error","message":"Server error: Unexpected field","timestamp":"2024-05-05T17:12:23.737Z"}
{"level":"info","message":"Request received: POST /upload/image","timestamp":"2024-05-05T17:12:46.354Z"}
{"level":"error","message":"Server error: Unexpected field","timestamp":"2024-05-05T17:12:46.360Z"}
{"level":"info","message":"Request received: POST /upload/image","timestamp":"2024-05-05T17:13:31.646Z"}
{"level":"error","message":"Server error: Unexpected field","timestamp":"2024-05-05T17:13:31.652Z"}
{"level":"info","message":"Request received: POST /upload/image","timestamp":"2024-05-05T17:14:40.609Z"}
{"level":"error","message":"Server error: Unexpected field","timestamp":"2024-05-05T17:14:40.615Z"}
{"level":"info","message":"Request received: POST /upload/image","timestamp":"2024-05-05T17:15:20.186Z"}
{"level":"error","message":"Server error: Unexpected field","timestamp":"2024-05-05T17:15:20.194Z"}
{"level":"info","message":"Request received: POST /upload/image","timestamp":"2024-05-05T17:15:35.015Z"}
{"level":"error","message":"Server error: Unexpected field","timestamp":"2024-05-05T17:15:35.017Z"}
{"level":"info","message":"Request received: POST /upload/image","timestamp":"2024-05-05T17:46:35.685Z"}
{"level":"error","message":"Server error: Unexpected field","timestamp":"2024-05-05T17:46:35.691Z"}
{"level":"info","message":"Request received: POST /upload/image","timestamp":"2024-05-05T17:48:04.261Z"}
{"level":"error","message":"Server error: Unexpected field","timestamp":"2024-05-05T17:48:04.263Z"}
{"level":"info","message":"Request received: POST /upload/image","timestamp":"2024-05-05T17:48:22.927Z"}
{"level":"error","message":"Server error: ENOENT: no such file or directory, open '/home/ilhamarbani/Projects/pharmacy-management-api/src/routes/upload/public/1714931302932_Screenshot from 2024-05-03 13-31-27.png'","timestamp":"2024-05-05T17:48:22.934Z"}
{"level":"info","message":"Request received: POST /upload/image","timestamp":"2024-05-05T17:49:37.654Z"}
{"level":"error","message":"Server error: ENOENT: no such file or directory, open '/home/ilhamarbani/Projects/pharmacy-management-api/src/routes/upload/public/1714931377660_Screenshot from 2024-05-03 13-31-27.png'","timestamp":"2024-05-05T17:49:37.662Z"}
{"level":"info","message":"Request received: POST /upload/image","timestamp":"2024-05-05T17:51:59.119Z"}
{"level":"error","message":"Server error: ENOENT: no such file or directory, open '/home/ilhamarbani/Projects/pharmacy-management-api/src/routes/upload/public/1714931519124_Screenshot from 2024-05-03 13-31-27.png'","timestamp":"2024-05-05T17:51:59.126Z"}
{"level":"info","message":"Request received: POST /upload/image","timestamp":"2024-05-05T17:52:24.238Z"}
{"level":"error","message":"Server error: ENOENT: no such file or directory, open 'public/1714931544243_Screenshot from 2024-05-03 13-31-27.png'","timestamp":"2024-05-05T17:52:24.245Z"}
{"level":"info","message":"Request received: POST /upload/image","timestamp":"2024-05-05T17:52:53.608Z"}
{"level":"info","message":"Request received: GET /users","timestamp":"2024-05-06T14:59:57.223Z"}
{"level":"info","message":"Request received: POST /transctions","timestamp":"2024-05-11T07:45:44.203Z"}
{"level":"info","message":"Request received: POST /transactions","timestamp":"2024-05-11T07:46:00.190Z"}
{"level":"error","message":"Server error: database_1.pool.beginTransaction is not a function","timestamp":"2024-05-11T07:46:00.192Z"}
{"level":"info","message":"Request received: POST /transactions","timestamp":"2024-05-11T07:52:18.730Z"}
{"level":"error","message":"Server error: database_1.pool.rollback is not a function","timestamp":"2024-05-11T07:52:18.760Z"}
{"level":"info","message":"Request received: POST /transactions","timestamp":"2024-05-11T07:52:33.964Z"}
{"level":"error","message":"Server error: Field 'transaction_id' doesn't have a default value","timestamp":"2024-05-11T07:52:33.988Z"}
{"level":"info","message":"Request received: POST /transactions","timestamp":"2024-05-11T07:55:00.270Z"}
{"level":"error","message":"Server error: Field 'transaction_id' doesn't have a default value","timestamp":"2024-05-11T07:55:00.292Z"}
{"level":"info","message":"Request received: POST /transactions","timestamp":"2024-05-11T08:26:55.284Z"}
{"level":"error","message":"Server error: Field 'transaction_id' doesn't have a default value","timestamp":"2024-05-11T08:26:55.308Z"}
{"level":"info","message":"Request received: POST /transactions","timestamp":"2024-05-11T08:27:38.705Z"}
{"level":"error","message":"Server error: Field 'transaction_id' doesn't have a default value","timestamp":"2024-05-11T08:27:38.727Z"}
{"level":"info","message":"Request received: POST /transactions","timestamp":"2024-05-11T08:29:02.384Z"}
{"level":"error","message":"Server error: You have an error in your SQL syntax; check the manual that corresponds to your MariaDB server version for the right syntax to use near '1, 1, 20, 25000,1, 2, 1, 21000' at line 3","timestamp":"2024-05-11T08:29:02.401Z"}
{"level":"info","message":"Request received: POST /transactions","timestamp":"2024-05-11T08:30:49.404Z"}
{"level":"error","message":"Server error: You have an error in your SQL syntax; check the manual that corresponds to your MariaDB server version for the right syntax to use near '2, 1, 20, 25000,2, 2, 1, 21000' at line 3","timestamp":"2024-05-11T08:30:49.444Z"}
{"level":"info","message":"Request received: POST /transactions","timestamp":"2024-05-11T08:32:23.528Z"}
{"level":"error","message":"Server error: You have an error in your SQL syntax; check the manual that corresponds to your MariaDB server version for the right syntax to use near '3, 1, 20, 25000,3, 2, 1, 21000' at line 3","timestamp":"2024-05-11T08:32:23.556Z"}
{"level":"info","message":"Request received: POST /transactions","timestamp":"2024-05-11T09:47:31.079Z"}
{"level":"error","message":"Server error: You have an error in your SQL syntax; check the manual that corresponds to your MariaDB server version for the right syntax to use near '?' at line 3","timestamp":"2024-05-11T09:47:31.114Z"}
{"level":"info","message":"Request received: POST /transactions","timestamp":"2024-05-11T09:54:21.458Z"}
{"level":"error","message":"Server error: You have an error in your SQL syntax; check the manual that corresponds to your MariaDB server version for the right syntax to use near '?' at line 3","timestamp":"2024-05-11T09:54:21.491Z"}
{"level":"info","message":"Request received: POST /transactions","timestamp":"2024-05-11T10:01:10.922Z"}
{"level":"error","message":"Server error: Table 'pharmacy-db.transactions_detail' doesn't exist","timestamp":"2024-05-11T10:01:10.954Z"}
{"level":"info","message":"Request received: POST /transactions","timestamp":"2024-05-11T10:01:43.986Z"}
{"level":"error","message":"Server error: Table 'pharmacy-db.transaction_detail' doesn't exist","timestamp":"2024-05-11T10:01:44.019Z"}
{"level":"info","message":"Request received: POST /transactions","timestamp":"2024-05-11T10:01:59.428Z"}
{"level":"error","message":"Server error: Column count doesn't match value count at row 1","timestamp":"2024-05-11T10:01:59.459Z"}
{"level":"info","message":"Request received: POST /transactions","timestamp":"2024-05-11T10:02:47.333Z"}
{"level":"error","message":"Server error: database_1.pool.commit is not a function","timestamp":"2024-05-11T10:02:47.368Z"}
{"level":"info","message":"Request received: POST /transactions","timestamp":"2024-05-11T10:03:10.031Z"}
{"level":"info","message":"Request received: POST /transactions","timestamp":"2024-05-11T10:03:40.008Z"}
{"level":"info","message":"Request received: POST /transactions","timestamp":"2024-05-11T10:03:52.601Z"}
{"level":"info","message":"Request received: POST /transactions","timestamp":"2024-05-11T10:28:59.346Z"}
{"level":"info","message":"Request received: POST /transactions","timestamp":"2024-05-11T10:32:46.946Z"}
{"level":"info","message":"Request received: POST /transactions","timestamp":"2024-05-11T10:32:51.821Z"}
